<?xml version="1.0" encoding="UTF-8"?>
<testng-results skipped="0" failed="0" ignored="0" total="1" passed="1">
  <reporter-output>
  </reporter-output>
  <suite name="Suite" duration-ms="141" started-at="2021-05-23T14:00:47 IST" finished-at="2021-05-23T14:00:47 IST">
    <groups>
    </groups>
    <test name="Test" duration-ms="141" started-at="2021-05-23T14:00:47 IST" finished-at="2021-05-23T14:00:47 IST">
      <class name="tests.Annotations">
        <test-method status="PASS" signature="firstMethod()[pri:0, instance:tests.Annotations@3043fe0e]" name="firstMethod" duration-ms="24" started-at="2021-05-23T14:00:47 IST" finished-at="2021-05-23T14:00:47 IST">
          <reporter-output>
          </reporter-output>
        </test-method> <!-- firstMethod -->
      </class> <!-- tests.Annotations -->
    </test> <!-- Test -->
  </suite> <!-- Suite -->
</testng-results>
